<?xml version="1.0" encoding="UTF-8"?>
<robot generator="Robot 7.2 (Python 3.12.3 on linux)" generated="2025-01-20T20:09:01.637978" rpa="false" schemaversion="5">
<suite id="s1" name="Test-Case2" source="/home/sam-sepi0l/Documents/QualityAssurance/test-automation/robot-sandbox/Tests/test-case2.robot">
<test id="s1-t1" name="TEST2" line="30">
<kw name="Log My Message">
<msg time="2025-01-20T20:09:01.668529" level="TRACE">Arguments: [  ]</msg>
<kw name="Log" owner="BuiltIn">
<msg time="2025-01-20T20:09:01.668936" level="TRACE">Arguments: [ 'This is the second test case' ]</msg>
<msg time="2025-01-20T20:09:01.669047" level="INFO">This is the second test case</msg>
<msg time="2025-01-20T20:09:01.669107" level="TRACE">Return: None</msg>
<arg>This is the second test case</arg>
<doc>Logs the given message with the given level.</doc>
<status status="PASS" start="2025-01-20T20:09:01.668848" elapsed="0.000292"/>
</kw>
<msg time="2025-01-20T20:09:01.669196" level="TRACE">Return: None</msg>
<status status="PASS" start="2025-01-20T20:09:01.668379" elapsed="0.000845"/>
</kw>
<kw name="Log Username and Password">
<msg time="2025-01-20T20:09:01.669479" level="TRACE">Arguments: [  ]</msg>
<kw name="Log My Username">
<msg time="2025-01-20T20:09:01.669657" level="TRACE">Arguments: [  ]</msg>
<kw name="Log" owner="BuiltIn">
<msg time="2025-01-20T20:09:01.669841" level="TRACE">Arguments: [ 'sam' ]</msg>
<msg time="2025-01-20T20:09:01.669899" level="INFO">sam</msg>
<msg time="2025-01-20T20:09:01.669925" level="TRACE">Return: None</msg>
<arg>${DICT}[username]</arg>
<doc>Logs the given message with the given level.</doc>
<status status="PASS" start="2025-01-20T20:09:01.669745" elapsed="0.000230"/>
</kw>
<msg time="2025-01-20T20:09:01.670025" level="TRACE">Return: None</msg>
<status status="PASS" start="2025-01-20T20:09:01.669572" elapsed="0.000475"/>
</kw>
<kw name="Log" owner="BuiltIn">
<msg time="2025-01-20T20:09:01.670217" level="TRACE">Arguments: [ 'demo' ]</msg>
<msg time="2025-01-20T20:09:01.670257" level="INFO">demo</msg>
<msg time="2025-01-20T20:09:01.670279" level="TRACE">Return: None</msg>
<arg>${DICT}[password]</arg>
<doc>Logs the given message with the given level.</doc>
<status status="PASS" start="2025-01-20T20:09:01.670119" elapsed="0.000181"/>
</kw>
<msg time="2025-01-20T20:09:01.670332" level="TRACE">Return: None</msg>
<status status="PASS" start="2025-01-20T20:09:01.669369" elapsed="0.000983"/>
</kw>
<kw name="Log My Specific Username">
<msg time="2025-01-20T20:09:01.670559" level="TRACE">Arguments: [ ${USERNAME}='test' ]</msg>
<kw name="Log" owner="BuiltIn">
<msg time="2025-01-20T20:09:01.670711" level="TRACE">Arguments: [ 'test' ]</msg>
<msg time="2025-01-20T20:09:01.670750" level="INFO">test</msg>
<msg time="2025-01-20T20:09:01.670773" level="TRACE">Return: None</msg>
<arg>${USERNAME}</arg>
<doc>Logs the given message with the given level.</doc>
<status status="PASS" start="2025-01-20T20:09:01.670648" elapsed="0.000145"/>
</kw>
<msg time="2025-01-20T20:09:01.670824" level="TRACE">Return: None</msg>
<arg>test</arg>
<status status="PASS" start="2025-01-20T20:09:01.670454" elapsed="0.000391"/>
</kw>
<kw name="Log My Specific Username">
<msg time="2025-01-20T20:09:01.671081" level="TRACE">Arguments: [ ${USERNAME}='dolores' ]</msg>
<kw name="Log" owner="BuiltIn">
<msg time="2025-01-20T20:09:01.671234" level="TRACE">Arguments: [ 'dolores' ]</msg>
<msg time="2025-01-20T20:09:01.671273" level="INFO">dolores</msg>
<msg time="2025-01-20T20:09:01.671296" level="TRACE">Return: None</msg>
<arg>${USERNAME}</arg>
<doc>Logs the given message with the given level.</doc>
<status status="PASS" start="2025-01-20T20:09:01.671167" elapsed="0.000151"/>
</kw>
<msg time="2025-01-20T20:09:01.671350" level="TRACE">Return: None</msg>
<arg>${DICT2}[username]</arg>
<status status="PASS" start="2025-01-20T20:09:01.670961" elapsed="0.000409"/>
</kw>
<kw name="Log My Specific Username And Password">
<msg time="2025-01-20T20:09:01.671628" level="TRACE">Arguments: [ ${USERNAME}='sam' | ${PASSWORD}='demo' ]</msg>
<kw name="Log" owner="BuiltIn">
<msg time="2025-01-20T20:09:01.671794" level="TRACE">Arguments: [ 'sam' ]</msg>
<msg time="2025-01-20T20:09:01.671832" level="INFO">sam</msg>
<msg time="2025-01-20T20:09:01.671855" level="TRACE">Return: None</msg>
<arg>${USERNAME}</arg>
<doc>Logs the given message with the given level.</doc>
<status status="PASS" start="2025-01-20T20:09:01.671732" elapsed="0.000143"/>
</kw>
<kw name="Log" owner="BuiltIn">
<msg time="2025-01-20T20:09:01.672004" level="TRACE">Arguments: [ 'demo' ]</msg>
<msg time="2025-01-20T20:09:01.672039" level="INFO">demo</msg>
<msg time="2025-01-20T20:09:01.672059" level="TRACE">Return: None</msg>
<arg>${PASSWORD}</arg>
<doc>Logs the given message with the given level.</doc>
<status status="PASS" start="2025-01-20T20:09:01.671945" elapsed="0.000134"/>
</kw>
<msg time="2025-01-20T20:09:01.672109" level="TRACE">Return: None</msg>
<arg>${DICT}[username]</arg>
<arg>${DICT}[password]</arg>
<status status="PASS" start="2025-01-20T20:09:01.671481" elapsed="0.000647"/>
</kw>
<kw name="Log My Specific Username And Password">
<msg time="2025-01-20T20:09:01.672396" level="TRACE">Arguments: [ ${USERNAME}='dolores' | ${PASSWORD}='demo2' ]</msg>
<kw name="Log" owner="BuiltIn">
<msg time="2025-01-20T20:09:01.672653" level="TRACE">Arguments: [ 'dolores' ]</msg>
<msg time="2025-01-20T20:09:01.672709" level="INFO">dolores</msg>
<msg time="2025-01-20T20:09:01.672764" level="TRACE">Return: None</msg>
<arg>${USERNAME}</arg>
<doc>Logs the given message with the given level.</doc>
<status status="PASS" start="2025-01-20T20:09:01.672559" elapsed="0.000239"/>
</kw>
<kw name="Log" owner="BuiltIn">
<msg time="2025-01-20T20:09:01.672992" level="TRACE">Arguments: [ 'demo2' ]</msg>
<msg time="2025-01-20T20:09:01.673039" level="INFO">demo2</msg>
<msg time="2025-01-20T20:09:01.673071" level="TRACE">Return: None</msg>
<arg>${PASSWORD}</arg>
<doc>Logs the given message with the given level.</doc>
<status status="PASS" start="2025-01-20T20:09:01.672900" elapsed="0.000195"/>
</kw>
<msg time="2025-01-20T20:09:01.673134" level="TRACE">Return: None</msg>
<arg>${DICT2}[username]</arg>
<arg>${DICT2}[password]</arg>
<status status="PASS" start="2025-01-20T20:09:01.672234" elapsed="0.000926"/>
</kw>
<tag>demo2</tag>
<status status="PASS" start="2025-01-20T20:09:01.667553" elapsed="0.005754"/>
</test>
<doc>This is my second test case</doc>
<status status="PASS" start="2025-01-20T20:09:01.638750" elapsed="0.034909"/>
</suite>
<statistics>
<total>
<stat pass="1" fail="0" skip="0">All Tests</stat>
</total>
<tag>
<stat pass="1" fail="0" skip="0">demo2</stat>
</tag>
<suite>
<stat name="Test-Case2" id="s1" pass="1" fail="0" skip="0">Test-Case2</stat>
</suite>
</statistics>
<errors>
</errors>
</robot>
